# JRE version: OpenJDK Runtime Environment (8.0_152-b01) (build 1.8.0_152-release-915-b01)
# Java VM: OpenJDK 64-Bit Server VM (25.152-b01 mixed mode windows-amd64 compressed oops)
Heap:
 PSYoungGen      total 74240K, used 33785K [0x00000000eab00000, 0x00000000efc00000, 0x0000000100000000)
  eden space 65536K, 51% used [0x00000000eab00000,0x00000000ecbfe568,0x00000000eeb00000)
  from space 8704K, 0% used [0x00000000ef380000,0x00000000ef380000,0x00000000efc00000)
  to   space 8704K, 0% used [0x00000000eeb00000,0x00000000eeb00000,0x00000000ef380000)
 ParOldGen       total 33280K, used 8331K [0x00000000c0000000, 0x00000000c2080000, 0x00000000eab00000)
  object space 33280K, 25% used [0x00000000c0000000,0x00000000c0822e68,0x00000000c2080000)
 Metaspace       used 22467K, capacity 22886K, committed 23040K, reserved 1069056K
  class space    used 2840K, capacity 2973K, committed 3072K, reserved 1048576K
GC Heap History (10 events):
Event: 8.634 GC heap before
{Heap before GC invocations=3 (full 0):
 PSYoungGen      total 18944K, used 18588K [0x00000000eab00000, 0x00000000ed000000, 0x0000000100000000)
  eden space 16384K, 100% used [0x00000000eab00000,0x00000000ebb00000,0x00000000ebb00000)
  from space 2560K, 86% used [0x00000000ebd80000,0x00000000ebfa72d0,0x00000000ec000000)
  to   space 2560K, 0% used [0x00000000ebb00000,0x00000000ebb00000,0x00000000ebd80000)
 ParOldGen       total 44032K, used 221K [0x00000000c0000000, 0x00000000c2b00000, 0x00000000eab00000)
  object space 44032K, 0% used [0x00000000c0000000,0x00000000c0037738,0x00000000c2b00000)
 Metaspace       used 10603K, capacity 10954K, committed 11264K, reserved 1058816K
  class space    used 1332K, capacity 1461K, committed 1536K, reserved 1048576K
Event: 8.639 GC heap after
Heap after GC invocations=3 (full 0):
 PSYoungGen      total 18944K, used 2560K [0x00000000eab00000, 0x00000000ed000000, 0x0000000100000000)
  eden space 16384K, 0% used [0x00000000eab00000,0x00000000eab00000,0x00000000ebb00000)
  from space 2560K, 100% used [0x00000000ebb00000,0x00000000ebd80000,0x00000000ebd80000)
  to   space 2560K, 0% used [0x00000000ecd80000,0x00000000ecd80000,0x00000000ed000000)
 ParOldGen       total 44032K, used 1466K [0x00000000c0000000, 0x00000000c2b00000, 0x00000000eab00000)
  object space 44032K, 3% used [0x00000000c0000000,0x00000000c016e8a8,0x00000000c2b00000)
 Metaspace       used 10603K, capacity 10954K, committed 11264K, reserved 1058816K
  class space    used 1332K, capacity 1461K, committed 1536K, reserved 1048576K
}
Event: 9.118 GC heap before
{Heap before GC invocations=4 (full 0):
 PSYoungGen      total 18944K, used 18944K [0x00000000eab00000, 0x00000000ed000000, 0x0000000100000000)
  eden space 16384K, 100% used [0x00000000eab00000,0x00000000ebb00000,0x00000000ebb00000)
  from space 2560K, 100% used [0x00000000ebb00000,0x00000000ebd80000,0x00000000ebd80000)
  to   space 2560K, 0% used [0x00000000ecd80000,0x00000000ecd80000,0x00000000ed000000)
 ParOldGen       total 44032K, used 1466K [0x00000000c0000000, 0x00000000c2b00000, 0x00000000eab00000)
  object space 44032K, 3% used [0x00000000c0000000,0x00000000c016e8a8,0x00000000c2b00000)
 Metaspace       used 12354K, capacity 12726K, committed 12800K, reserved 1060864K
  class space    used 1628K, capacity 1751K, committed 1792K, reserved 1048576K
Event: 9.125 GC heap after
Heap after GC invocations=4 (full 0):
 PSYoungGen      total 35328K, used 2544K [0x00000000eab00000, 0x00000000ed000000, 0x0000000100000000)
  eden space 32768K, 0% used [0x00000000eab00000,0x00000000eab00000,0x00000000ecb00000)
  from space 2560K, 99% used [0x00000000ecd80000,0x00000000ecffc010,0x00000000ed000000)
  to   space 2560K, 0% used [0x00000000ecb00000,0x00000000ecb00000,0x00000000ecd80000)
 ParOldGen       total 44032K, used 3527K [0x00000000c0000000, 0x00000000c2b00000, 0x00000000eab00000)
  object space 44032K, 8% used [0x00000000c0000000,0x00000000c0371e40,0x00000000c2b00000)
 Metaspace       used 12354K, capacity 12726K, committed 12800K, reserved 1060864K
  class space    used 1628K, capacity 1751K, committed 1792K, reserved 1048576K
}
Event: 18.229 GC heap before
{Heap before GC invocations=5 (full 0):
 PSYoungGen      total 35328K, used 35312K [0x00000000eab00000, 0x00000000ed000000, 0x0000000100000000)
  eden space 32768K, 100% used [0x00000000eab00000,0x00000000ecb00000,0x00000000ecb00000)
  from space 2560K, 99% used [0x00000000ecd80000,0x00000000ecffc010,0x00000000ed000000)
  to   space 2560K, 0% used [0x00000000ecb00000,0x00000000ecb00000,0x00000000ecd80000)
 ParOldGen       total 44032K, used 3527K [0x00000000c0000000, 0x00000000c2b00000, 0x00000000eab00000)
  object space 44032K, 8% used [0x00000000c0000000,0x00000000c0371e40,0x00000000c2b00000)
 Metaspace       used 18304K, capacity 18654K, committed 18816K, reserved 1064960K
  class space    used 2438K, capacity 2567K, committed 2688K, reserved 1048576K
Event: 18.237 GC heap after
Heap after GC invocations=5 (full 0):
 PSYoungGen      total 35328K, used 2544K [0x00000000eab00000, 0x00000000efc00000, 0x0000000100000000)
  eden space 32768K, 0% used [0x00000000eab00000,0x00000000eab00000,0x00000000ecb00000)
  from space 2560K, 99% used [0x00000000ecb00000,0x00000000ecd7c010,0x00000000ecd80000)
  to   space 8704K, 0% used [0x00000000ef380000,0x00000000ef380000,0x00000000efc00000)
 ParOldGen       total 44032K, used 9324K [0x00000000c0000000, 0x00000000c2b00000, 0x00000000eab00000)
  object space 44032K, 21% used [0x00000000c0000000,0x00000000c091b240,0x00000000c2b00000)
 Metaspace       used 18304K, capacity 18654K, committed 18816K, reserved 1064960K
  class space    used 2438K, capacity 2567K, committed 2688K, reserved 1048576K
}
Event: 19.101 GC heap before
{Heap before GC invocations=6 (full 0):
 PSYoungGen      total 35328K, used 26012K [0x00000000eab00000, 0x00000000efc00000, 0x0000000100000000)
  eden space 32768K, 71% used [0x00000000eab00000,0x00000000ec1eb248,0x00000000ecb00000)
  from space 2560K, 99% used [0x00000000ecb00000,0x00000000ecd7c010,0x00000000ecd80000)
  to   space 8704K, 0% used [0x00000000ef380000,0x00000000ef380000,0x00000000efc00000)
 ParOldGen       total 44032K, used 9324K [0x00000000c0000000, 0x00000000c2b00000, 0x00000000eab00000)
  object space 44032K, 21% used [0x00000000c0000000,0x00000000c091b240,0x00000000c2b00000)
 Metaspace       used 20773K, capacity 21124K, committed 21296K, reserved 1067008K
  class space    used 2721K, capacity 2856K, committed 2944K, reserved 1048576K
Event: 19.107 GC heap after
Heap after GC invocations=6 (full 0):
 PSYoungGen      total 74240K, used 5531K [0x00000000eab00000, 0x00000000efc00000, 0x0000000100000000)
  eden space 65536K, 0% used [0x00000000eab00000,0x00000000eab00000,0x00000000eeb00000)
  from space 8704K, 63% used [0x00000000ef380000,0x00000000ef8e6c30,0x00000000efc00000)
  to   space 8704K, 0% used [0x00000000eeb00000,0x00000000eeb00000,0x00000000ef380000)
 ParOldGen       total 44032K, used 9332K [0x00000000c0000000, 0x00000000c2b00000, 0x00000000eab00000)
  object space 44032K, 21% used [0x00000000c0000000,0x00000000c091d240,0x00000000c2b00000)
 Metaspace       used 20773K, capacity 21124K, committed 21296K, reserved 1067008K
  class space    used 2721K, capacity 2856K, committed 2944K, reserved 1048576K
}
Event: 19.107 GC heap before
{Heap before GC invocations=7 (full 1):
 PSYoungGen      total 74240K, used 5531K [0x00000000eab00000, 0x00000000efc00000, 0x0000000100000000)
  eden space 65536K, 0% used [0x00000000eab00000,0x00000000eab00000,0x00000000eeb00000)
  from space 8704K, 63% used [0x00000000ef380000,0x00000000ef8e6c30,0x00000000efc00000)
  to   space 8704K, 0% used [0x00000000eeb00000,0x00000000eeb00000,0x00000000ef380000)
 ParOldGen       total 44032K, used 9332K [0x00000000c0000000, 0x00000000c2b00000, 0x00000000eab00000)
  object space 44032K, 21% used [0x00000000c0000000,0x00000000c091d240,0x00000000c2b00000)
 Metaspace       used 20773K, capacity 21124K, committed 21296K, reserved 1067008K
  class space    used 2721K, capacity 2856K, committed 2944K, reserved 1048576K
Event: 19.158 GC heap after
Heap after GC invocations=7 (full 1):
 PSYoungGen      total 74240K, used 0K [0x00000000eab00000, 0x00000000efc00000, 0x0000000100000000)
  eden space 65536K, 0% used [0x00000000eab00000,0x00000000eab00000,0x00000000eeb00000)
  from space 8704K, 0% used [0x00000000ef380000,0x00000000ef380000,0x00000000efc00000)
  to   space 8704K, 0% used [0x00000000eeb00000,0x00000000eeb00000,0x00000000ef380000)
 ParOldGen       total 33280K, used 8331K [0x00000000c0000000, 0x00000000c2080000, 0x00000000eab00000)
  object space 33280K, 25% used [0x00000000c0000000,0x00000000c0822e68,0x00000000c2080000)
 Metaspace       used 20773K, capacity 21124K, committed 21296K, reserved 1067008K
  class space    used 2721K, capacity 2856K, committed 2944K, reserved 1048576K
}

