# JRE version: Java(TM) SE Runtime Environment (7.0_45-b18) (build 1.7.0_45-b18)
# Java VM: Java HotSpot(TM) 64-Bit Server VM (24.45-b08 mixed mode windows-amd64 compressed oops)
Heap
 PSYoungGen      total 82432K, used 29296K [0x00000000eaa80000, 0x00000000f2380000, 0x0000000100000000)
  eden space 59904K, 48% used [0x00000000eaa80000,0x00000000ec71c1d0,0x00000000ee500000)
  from space 22528K, 0% used [0x00000000f0d80000,0x00000000f0d80000,0x00000000f2380000)
  to   space 17920K, 0% used [0x00000000ee500000,0x00000000ee500000,0x00000000ef680000)
 ParOldGen       total 90624K, used 50341K [0x00000000c0000000, 0x00000000c5880000, 0x00000000eaa80000)
  object space 90624K, 55% used [0x00000000c0000000,0x00000000c3129480,0x00000000c5880000)
 PSPermGen       total 21504K, used 5304K [0x00000000bae00000, 0x00000000bc300000, 0x00000000c0000000)
  object space 21504K, 24% used [0x00000000bae00000,0x00000000bb32e1c0,0x00000000bc300000)
GC Heap History (10 events):
Event: 6.806 GC heap after
Heap after GC invocations=12 (full 3):
 PSYoungGen      total 77824K, used 5173K [0x00000000eaa80000, 0x00000000f2380000, 0x0000000100000000)
  eden space 59904K, 0% used [0x00000000eaa80000,0x00000000eaa80000,0x00000000ee500000)
  from space 17920K, 28% used [0x00000000ee500000,0x00000000eea0d778,0x00000000ef680000)
  to   space 22528K, 0% used [0x00000000f0d80000,0x00000000f0d80000,0x00000000f2380000)
 ParOldGen       total 90624K, used 23711K [0x00000000c0000000, 0x00000000c5880000, 0x00000000eaa80000)
  object space 90624K, 26% used [0x00000000c0000000,0x00000000c1727fe0,0x00000000c5880000)
 PSPermGen       total 21504K, used 5251K [0x00000000bae00000, 0x00000000bc300000, 0x00000000c0000000)
  object space 21504K, 24% used [0x00000000bae00000,0x00000000bb320fd8,0x00000000bc300000)
}
Event: 7.176 GC heap before
{Heap before GC invocations=13 (full 3):
 PSYoungGen      total 77824K, used 65077K [0x00000000eaa80000, 0x00000000f2380000, 0x0000000100000000)
  eden space 59904K, 100% used [0x00000000eaa80000,0x00000000ee500000,0x00000000ee500000)
  from space 17920K, 28% used [0x00000000ee500000,0x00000000eea0d778,0x00000000ef680000)
  to   space 22528K, 0% used [0x00000000f0d80000,0x00000000f0d80000,0x00000000f2380000)
 ParOldGen       total 90624K, used 23711K [0x00000000c0000000, 0x00000000c5880000, 0x00000000eaa80000)
  object space 90624K, 26% used [0x00000000c0000000,0x00000000c1727fe0,0x00000000c5880000)
 PSPermGen       total 21504K, used 5257K [0x00000000bae00000, 0x00000000bc300000, 0x00000000c0000000)
  object space 21504K, 24% used [0x00000000bae00000,0x00000000bb322688,0x00000000bc300000)
Event: 7.187 GC heap after
Heap after GC invocations=13 (full 3):
 PSYoungGen      total 82432K, used 18182K [0x00000000eaa80000, 0x00000000f2380000, 0x0000000100000000)
  eden space 59904K, 0% used [0x00000000eaa80000,0x00000000eaa80000,0x00000000ee500000)
  from space 22528K, 80% used [0x00000000f0d80000,0x00000000f1f41968,0x00000000f2380000)
  to   space 17920K, 0% used [0x00000000ee500000,0x00000000ee500000,0x00000000ef680000)
 ParOldGen       total 90624K, used 23711K [0x00000000c0000000, 0x00000000c5880000, 0x00000000eaa80000)
  object space 90624K, 26% used [0x00000000c0000000,0x00000000c1727fe0,0x00000000c5880000)
 PSPermGen       total 21504K, used 5257K [0x00000000bae00000, 0x00000000bc300000, 0x00000000c0000000)
  object space 21504K, 24% used [0x00000000bae00000,0x00000000bb322688,0x00000000bc300000)
}
Event: 8.937 GC heap before
{Heap before GC invocations=14 (full 3):
 PSYoungGen      total 82432K, used 78086K [0x00000000eaa80000, 0x00000000f2380000, 0x0000000100000000)
  eden space 59904K, 100% used [0x00000000eaa80000,0x00000000ee500000,0x00000000ee500000)
  from space 22528K, 80% used [0x00000000f0d80000,0x00000000f1f41968,0x00000000f2380000)
  to   space 17920K, 0% used [0x00000000ee500000,0x00000000ee500000,0x00000000ef680000)
 ParOldGen       total 90624K, used 23711K [0x00000000c0000000, 0x00000000c5880000, 0x00000000eaa80000)
  object space 90624K, 26% used [0x00000000c0000000,0x00000000c1727fe0,0x00000000c5880000)
 PSPermGen       total 21504K, used 5285K [0x00000000bae00000, 0x00000000bc300000, 0x00000000c0000000)
  object space 21504K, 24% used [0x00000000bae00000,0x00000000bb329728,0x00000000bc300000)
Event: 8.973 GC heap after
Heap after GC invocations=14 (full 3):
 PSYoungGen      total 77824K, used 17896K [0x00000000eaa80000, 0x00000000f2380000, 0x0000000100000000)
  eden space 59904K, 0% used [0x00000000eaa80000,0x00000000eaa80000,0x00000000ee500000)
  from space 17920K, 99% used [0x00000000ee500000,0x00000000ef67a170,0x00000000ef680000)
  to   space 22528K, 0% used [0x00000000f0d80000,0x00000000f0d80000,0x00000000f2380000)
 ParOldGen       total 90624K, used 35568K [0x00000000c0000000, 0x00000000c5880000, 0x00000000eaa80000)
  object space 90624K, 39% used [0x00000000c0000000,0x00000000c22bc348,0x00000000c5880000)
 PSPermGen       total 21504K, used 5285K [0x00000000bae00000, 0x00000000bc300000, 0x00000000c0000000)
  object space 21504K, 24% used [0x00000000bae00000,0x00000000bb329728,0x00000000bc300000)
}
Event: 9.406 GC heap before
{Heap before GC invocations=15 (full 3):
 PSYoungGen      total 77824K, used 77800K [0x00000000eaa80000, 0x00000000f2380000, 0x0000000100000000)
  eden space 59904K, 100% used [0x00000000eaa80000,0x00000000ee500000,0x00000000ee500000)
  from space 17920K, 99% used [0x00000000ee500000,0x00000000ef67a170,0x00000000ef680000)
  to   space 22528K, 0% used [0x00000000f0d80000,0x00000000f0d80000,0x00000000f2380000)
 ParOldGen       total 90624K, used 35568K [0x00000000c0000000, 0x00000000c5880000, 0x00000000eaa80000)
  object space 90624K, 39% used [0x00000000c0000000,0x00000000c22bc348,0x00000000c5880000)
 PSPermGen       total 21504K, used 5295K [0x00000000bae00000, 0x00000000bc300000, 0x00000000c0000000)
  object space 21504K, 24% used [0x00000000bae00000,0x00000000bb32bf30,0x00000000bc300000)
Event: 9.435 GC heap after
Heap after GC invocations=15 (full 3):
 PSYoungGen      total 82432K, used 19953K [0x00000000eaa80000, 0x00000000f2380000, 0x0000000100000000)
  eden space 59904K, 0% used [0x00000000eaa80000,0x00000000eaa80000,0x00000000ee500000)
  from space 22528K, 88% used [0x00000000f0d80000,0x00000000f20fc6b0,0x00000000f2380000)
  to   space 17920K, 0% used [0x00000000ee500000,0x00000000ee500000,0x00000000ef680000)
 ParOldGen       total 90624K, used 35568K [0x00000000c0000000, 0x00000000c5880000, 0x00000000eaa80000)
  object space 90624K, 39% used [0x00000000c0000000,0x00000000c22bc348,0x00000000c5880000)
 PSPermGen       total 21504K, used 5295K [0x00000000bae00000, 0x00000000bc300000, 0x00000000c0000000)
  object space 21504K, 24% used [0x00000000bae00000,0x00000000bb32bf30,0x00000000bc300000)
}
Event: 9.936 GC heap before
{Heap before GC invocations=16 (full 3):
 PSYoungGen      total 82432K, used 79857K [0x00000000eaa80000, 0x00000000f2380000, 0x0000000100000000)
  eden space 59904K, 100% used [0x00000000eaa80000,0x00000000ee500000,0x00000000ee500000)
  from space 22528K, 88% used [0x00000000f0d80000,0x00000000f20fc6b0,0x00000000f2380000)
  to   space 17920K, 0% used [0x00000000ee500000,0x00000000ee500000,0x00000000ef680000)
 ParOldGen       total 90624K, used 35568K [0x00000000c0000000, 0x00000000c5880000, 0x00000000eaa80000)
  object space 90624K, 39% used [0x00000000c0000000,0x00000000c22bc348,0x00000000c5880000)
 PSPermGen       total 21504K, used 5298K [0x00000000bae00000, 0x00000000bc300000, 0x00000000c0000000)
  object space 21504K, 24% used [0x00000000bae00000,0x00000000bb32cbe8,0x00000000bc300000)
Event: 9.989 GC heap after
Heap after GC invocations=16 (full 3):
 PSYoungGen      total 77824K, used 17902K [0x00000000eaa80000, 0x00000000f2380000, 0x0000000100000000)
  eden space 59904K, 0% used [0x00000000eaa80000,0x00000000eaa80000,0x00000000ee500000)
  from space 17920K, 99% used [0x00000000ee500000,0x00000000ef67ba70,0x00000000ef680000)
  to   space 22528K, 0% used [0x00000000f0d80000,0x00000000f0d80000,0x00000000f2380000)
 ParOldGen       total 90624K, used 58621K [0x00000000c0000000, 0x00000000c5880000, 0x00000000eaa80000)
  object space 90624K, 64% used [0x00000000c0000000,0x00000000c393f6b0,0x00000000c5880000)
 PSPermGen       total 21504K, used 5298K [0x00000000bae00000, 0x00000000bc300000, 0x00000000c0000000)
  object space 21504K, 24% used [0x00000000bae00000,0x00000000bb32cbe8,0x00000000bc300000)
}
Event: 10.520 GC heap before
{Heap before GC invocations=17 (full 3):
 PSYoungGen      total 77824K, used 77806K [0x00000000eaa80000, 0x00000000f2380000, 0x0000000100000000)
  eden space 59904K, 100% used [0x00000000eaa80000,0x00000000ee500000,0x00000000ee500000)
  from space 17920K, 99% used [0x00000000ee500000,0x00000000ef67ba70,0x00000000ef680000)
  to   space 22528K, 0% used [0x00000000f0d80000,0x00000000f0d80000,0x00000000f2380000)
 ParOldGen       total 90624K, used 58621K [0x00000000c0000000, 0x00000000c5880000, 0x00000000eaa80000)
  object space 90624K, 64% used [0x00000000c0000000,0x00000000c393f6b0,0x00000000c5880000)
 PSPermGen       total 21504K, used 5304K [0x00000000bae00000, 0x00000000bc300000, 0x00000000c0000000)
  object space 21504K, 24% used [0x00000000bae00000,0x00000000bb32e288,0x00000000bc300000)

