# JRE version: Java(TM) SE Runtime Environment (7.0_45-b18) (build 1.7.0_45-b18)
# Java VM: Java HotSpot(TM) 64-Bit Server VM (24.45-b08 mixed mode windows-amd64 compressed oops)
Heap
 PSYoungGen      total 112640K, used 58863K [0x00000007d5500000, 0x00000007de480000, 0x0000000800000000)
  eden space 78336K, 55% used [0x00000007d5500000,0x00000007d7f7f338,0x00000007da180000)
  from space 34304K, 44% used [0x00000007da180000,0x00000007db07ccb0,0x00000007dc300000)
  to   space 23040K, 0% used [0x00000007dce00000,0x00000007dce00000,0x00000007de480000)
 ParOldGen       total 72704K, used 27084K [0x0000000780000000, 0x0000000784700000, 0x00000007d5500000)
  object space 72704K, 37% used [0x0000000780000000,0x0000000781a73220,0x0000000784700000)
 PSPermGen       total 21504K, used 5287K [0x000000077ae00000, 0x000000077c300000, 0x0000000780000000)
  object space 21504K, 24% used [0x000000077ae00000,0x000000077b329c08,0x000000077c300000)
GC Heap History (10 events):
Event: 6.879 GC heap before
{Heap before GC invocations=9 (full 1):
 PSYoungGen      total 78336K, used 78322K [0x00000007d5500000, 0x00000007de380000, 0x0000000800000000)
  eden space 60416K, 100% used [0x00000007d5500000,0x00000007d9000000,0x00000007d9000000)
  from space 17920K, 99% used [0x00000007d9000000,0x00000007da17c910,0x00000007da180000)
  to   space 22528K, 0% used [0x00000007dcd80000,0x00000007dcd80000,0x00000007de380000)
 ParOldGen       total 64512K, used 33551K [0x0000000780000000, 0x0000000783f00000, 0x00000007d5500000)
  object space 64512K, 52% used [0x0000000780000000,0x00000007820c3d10,0x0000000783f00000)
 PSPermGen       total 21504K, used 5240K [0x000000077ae00000, 0x000000077c300000, 0x0000000780000000)
  object space 21504K, 24% used [0x000000077ae00000,0x000000077b31e2a8,0x000000077c300000)
Event: 6.933 GC heap after
Heap after GC invocations=9 (full 1):
 PSYoungGen      total 82944K, used 22526K [0x00000007d5500000, 0x00000007de380000, 0x0000000800000000)
  eden space 60416K, 0% used [0x00000007d5500000,0x00000007d5500000,0x00000007d9000000)
  from space 22528K, 99% used [0x00000007dcd80000,0x00000007de37f8c8,0x00000007de380000)
  to   space 17920K, 0% used [0x00000007d9000000,0x00000007d9000000,0x00000007da180000)
 ParOldGen       total 64512K, used 42742K [0x0000000780000000, 0x0000000783f00000, 0x00000007d5500000)
  object space 64512K, 66% used [0x0000000780000000,0x00000007829bd998,0x0000000783f00000)
 PSPermGen       total 21504K, used 5240K [0x000000077ae00000, 0x000000077c300000, 0x0000000780000000)
  object space 21504K, 24% used [0x000000077ae00000,0x000000077b31e2a8,0x000000077c300000)
}
Event: 7.397 GC heap before
{Heap before GC invocations=10 (full 1):
 PSYoungGen      total 82944K, used 82942K [0x00000007d5500000, 0x00000007de380000, 0x0000000800000000)
  eden space 60416K, 100% used [0x00000007d5500000,0x00000007d9000000,0x00000007d9000000)
  from space 22528K, 99% used [0x00000007dcd80000,0x00000007de37f8c8,0x00000007de380000)
  to   space 17920K, 0% used [0x00000007d9000000,0x00000007d9000000,0x00000007da180000)
 ParOldGen       total 64512K, used 42742K [0x0000000780000000, 0x0000000783f00000, 0x00000007d5500000)
  object space 64512K, 66% used [0x0000000780000000,0x00000007829bd998,0x0000000783f00000)
 PSPermGen       total 21504K, used 5251K [0x000000077ae00000, 0x000000077c300000, 0x0000000780000000)
  object space 21504K, 24% used [0x000000077ae00000,0x000000077b320d00,0x000000077c300000)
Event: 7.436 GC heap after
Heap after GC invocations=10 (full 1):
 PSYoungGen      total 78336K, used 17903K [0x00000007d5500000, 0x00000007df080000, 0x0000000800000000)
  eden space 60416K, 0% used [0x00000007d5500000,0x00000007d5500000,0x00000007d9000000)
  from space 17920K, 99% used [0x00000007d9000000,0x00000007da17bd28,0x00000007da180000)
  to   space 35328K, 0% used [0x00000007dce00000,0x00000007dce00000,0x00000007df080000)
 ParOldGen       total 64512K, used 56158K [0x0000000780000000, 0x0000000783f00000, 0x00000007d5500000)
  object space 64512K, 87% used [0x0000000780000000,0x00000007836d7a50,0x0000000783f00000)
 PSPermGen       total 21504K, used 5251K [0x000000077ae00000, 0x000000077c300000, 0x0000000780000000)
  object space 21504K, 24% used [0x000000077ae00000,0x000000077b320d00,0x000000077c300000)
}
Event: 7.436 GC heap before
{Heap before GC invocations=11 (full 2):
 PSYoungGen      total 78336K, used 17903K [0x00000007d5500000, 0x00000007df080000, 0x0000000800000000)
  eden space 60416K, 0% used [0x00000007d5500000,0x00000007d5500000,0x00000007d9000000)
  from space 17920K, 99% used [0x00000007d9000000,0x00000007da17bd28,0x00000007da180000)
  to   space 35328K, 0% used [0x00000007dce00000,0x00000007dce00000,0x00000007df080000)
 ParOldGen       total 64512K, used 56158K [0x0000000780000000, 0x0000000783f00000, 0x00000007d5500000)
  object space 64512K, 87% used [0x0000000780000000,0x00000007836d7a50,0x0000000783f00000)
 PSPermGen       total 21504K, used 5251K [0x000000077ae00000, 0x000000077c300000, 0x0000000780000000)
  object space 21504K, 24% used [0x000000077ae00000,0x000000077b320d00,0x000000077c300000)
Event: 7.649 GC heap after
Heap after GC invocations=11 (full 2):
 PSYoungGen      total 78336K, used 0K [0x00000007d5500000, 0x00000007df080000, 0x0000000800000000)
  eden space 60416K, 0% used [0x00000007d5500000,0x00000007d5500000,0x00000007d9000000)
  from space 17920K, 0% used [0x00000007d9000000,0x00000007d9000000,0x00000007da180000)
  to   space 35328K, 0% used [0x00000007dce00000,0x00000007dce00000,0x00000007df080000)
 ParOldGen       total 72704K, used 27084K [0x0000000780000000, 0x0000000784700000, 0x00000007d5500000)
  object space 72704K, 37% used [0x0000000780000000,0x0000000781a73220,0x0000000784700000)
 PSPermGen       total 21504K, used 5250K [0x000000077ae00000, 0x000000077c300000, 0x0000000780000000)
  object space 21504K, 24% used [0x000000077ae00000,0x000000077b3209a0,0x000000077c300000)
}
Event: 7.773 GC heap before
{Heap before GC invocations=12 (full 2):
 PSYoungGen      total 78336K, used 60416K [0x00000007d5500000, 0x00000007df080000, 0x0000000800000000)
  eden space 60416K, 100% used [0x00000007d5500000,0x00000007d9000000,0x00000007d9000000)
  from space 17920K, 0% used [0x00000007d9000000,0x00000007d9000000,0x00000007da180000)
  to   space 35328K, 0% used [0x00000007dce00000,0x00000007dce00000,0x00000007df080000)
 ParOldGen       total 72704K, used 27084K [0x0000000780000000, 0x0000000784700000, 0x00000007d5500000)
  object space 72704K, 37% used [0x0000000780000000,0x0000000781a73220,0x0000000784700000)
 PSPermGen       total 21504K, used 5257K [0x000000077ae00000, 0x000000077c300000, 0x0000000780000000)
  object space 21504K, 24% used [0x000000077ae00000,0x000000077b322418,0x000000077c300000)
Event: 7.784 GC heap after
Heap after GC invocations=12 (full 2):
 PSYoungGen      total 101376K, used 18189K [0x00000007d5500000, 0x00000007de480000, 0x0000000800000000)
  eden space 78336K, 0% used [0x00000007d5500000,0x00000007d5500000,0x00000007da180000)
  from space 23040K, 78% used [0x00000007dce00000,0x00000007ddfc34f8,0x00000007de480000)
  to   space 34304K, 0% used [0x00000007da180000,0x00000007da180000,0x00000007dc300000)
 ParOldGen       total 72704K, used 27084K [0x0000000780000000, 0x0000000784700000, 0x00000007d5500000)
  object space 72704K, 37% used [0x0000000780000000,0x0000000781a73220,0x0000000784700000)
 PSPermGen       total 21504K, used 5257K [0x000000077ae00000, 0x000000077c300000, 0x0000000780000000)
  object space 21504K, 24% used [0x000000077ae00000,0x000000077b322418,0x000000077c300000)
}
Event: 8.154 GC heap before
{Heap before GC invocations=13 (full 2):
 PSYoungGen      total 101376K, used 96525K [0x00000007d5500000, 0x00000007de480000, 0x0000000800000000)
  eden space 78336K, 100% used [0x00000007d5500000,0x00000007da180000,0x00000007da180000)
  from space 23040K, 78% used [0x00000007dce00000,0x00000007ddfc34f8,0x00000007de480000)
  to   space 34304K, 0% used [0x00000007da180000,0x00000007da180000,0x00000007dc300000)
 ParOldGen       total 72704K, used 27084K [0x0000000780000000, 0x0000000784700000, 0x00000007d5500000)
  object space 72704K, 37% used [0x0000000780000000,0x0000000781a73220,0x0000000784700000)
 PSPermGen       total 21504K, used 5271K [0x000000077ae00000, 0x000000077c300000, 0x0000000780000000)
  object space 21504K, 24% used [0x000000077ae00000,0x000000077b325c28,0x000000077c300000)
Event: 8.167 GC heap after
Heap after GC invocations=13 (full 2):
 PSYoungGen      total 112640K, used 15347K [0x00000007d5500000, 0x00000007de480000, 0x0000000800000000)
  eden space 78336K, 0% used [0x00000007d5500000,0x00000007d5500000,0x00000007da180000)
  from space 34304K, 44% used [0x00000007da180000,0x00000007db07ccb0,0x00000007dc300000)
  to   space 23040K, 0% used [0x00000007dce00000,0x00000007dce00000,0x00000007de480000)
 ParOldGen       total 72704K, used 27084K [0x0000000780000000, 0x0000000784700000, 0x00000007d5500000)
  object space 72704K, 37% used [0x0000000780000000,0x0000000781a73220,0x0000000784700000)
 PSPermGen       total 21504K, used 5271K [0x000000077ae00000, 0x000000077c300000, 0x0000000780000000)
  object space 21504K, 24% used [0x000000077ae00000,0x000000077b325c28,0x000000077c300000)
}

