# JRE version: Java(TM) SE Runtime Environment (7.0_45-b18) (build 1.7.0_45-b18)
# Java VM: Java HotSpot(TM) 64-Bit Server VM (24.45-b08 mixed mode windows-amd64 compressed oops)
Heap
 PSYoungGen      total 68096K, used 63823K [0x00000007aaa80000, 0x00000007aef80000, 0x0000000800000000)
  eden space 65536K, 93% used [0x00000007aaa80000,0x00000007ae659218,0x00000007aea80000)
  from space 2560K, 99% used [0x00000007aea80000,0x00000007aecfaa98,0x00000007aed00000)
  to   space 2560K, 0% used [0x00000007aed00000,0x00000007aed00000,0x00000007aef80000)
 ParOldGen       total 99840K, used 68705K [0x0000000700000000, 0x0000000706180000, 0x00000007aaa80000)
  object space 99840K, 68% used [0x0000000700000000,0x00000007043186b8,0x0000000706180000)
 PSPermGen       total 21504K, used 5289K [0x00000006fae00000, 0x00000006fc300000, 0x0000000700000000)
  object space 21504K, 24% used [0x00000006fae00000,0x00000006fb32a660,0x00000006fc300000)
GC Heap History (10 events):
Event: 2.209 GC heap before
{Heap before GC invocations=7 (full 1):
 PSYoungGen      total 68096K, used 68081K [0x00000007aaa80000, 0x00000007aef80000, 0x0000000800000000)
  eden space 65536K, 100% used [0x00000007aaa80000,0x00000007aea80000,0x00000007aea80000)
  from space 2560K, 99% used [0x00000007aea80000,0x00000007aecfc708,0x00000007aed00000)
  to   space 2560K, 0% used [0x00000007aed00000,0x00000007aed00000,0x00000007aef80000)
 ParOldGen       total 74752K, used 39902K [0x0000000700000000, 0x0000000704900000, 0x00000007aaa80000)
  object space 74752K, 53% used [0x0000000700000000,0x00000007026f7a20,0x0000000704900000)
 PSPermGen       total 21504K, used 5242K [0x00000006fae00000, 0x00000006fc300000, 0x0000000700000000)
  object space 21504K, 24% used [0x00000006fae00000,0x00000006fb31e878,0x00000006fc300000)
Event: 2.228 GC heap after
Heap after GC invocations=7 (full 1):
 PSYoungGen      total 68096K, used 2545K [0x00000007aaa80000, 0x00000007aef80000, 0x0000000800000000)
  eden space 65536K, 0% used [0x00000007aaa80000,0x00000007aaa80000,0x00000007aea80000)
  from space 2560K, 99% used [0x00000007aed00000,0x00000007aef7c708,0x00000007aef80000)
  to   space 2560K, 0% used [0x00000007aea80000,0x00000007aea80000,0x00000007aed00000)
 ParOldGen       total 74752K, used 57966K [0x0000000700000000, 0x0000000704900000, 0x00000007aaa80000)
  object space 74752K, 77% used [0x0000000700000000,0x000000070389b8d8,0x0000000704900000)
 PSPermGen       total 21504K, used 5242K [0x00000006fae00000, 0x00000006fc300000, 0x0000000700000000)
  object space 21504K, 24% used [0x00000006fae00000,0x00000006fb31e878,0x00000006fc300000)
}
Event: 2.228 GC heap before
{Heap before GC invocations=8 (full 2):
 PSYoungGen      total 68096K, used 2545K [0x00000007aaa80000, 0x00000007aef80000, 0x0000000800000000)
  eden space 65536K, 0% used [0x00000007aaa80000,0x00000007aaa80000,0x00000007aea80000)
  from space 2560K, 99% used [0x00000007aed00000,0x00000007aef7c708,0x00000007aef80000)
  to   space 2560K, 0% used [0x00000007aea80000,0x00000007aea80000,0x00000007aed00000)
 ParOldGen       total 74752K, used 57966K [0x0000000700000000, 0x0000000704900000, 0x00000007aaa80000)
  object space 74752K, 77% used [0x0000000700000000,0x000000070389b8d8,0x0000000704900000)
 PSPermGen       total 21504K, used 5242K [0x00000006fae00000, 0x00000006fc300000, 0x0000000700000000)
  object space 21504K, 24% used [0x00000006fae00000,0x00000006fb31e878,0x00000006fc300000)
Event: 2.409 GC heap after
Heap after GC invocations=8 (full 2):
 PSYoungGen      total 68096K, used 0K [0x00000007aaa80000, 0x00000007aef80000, 0x0000000800000000)
  eden space 65536K, 0% used [0x00000007aaa80000,0x00000007aaa80000,0x00000007aea80000)
  from space 2560K, 0% used [0x00000007aed00000,0x00000007aed00000,0x00000007aef80000)
  to   space 2560K, 0% used [0x00000007aea80000,0x00000007aea80000,0x00000007aed00000)
 ParOldGen       total 99840K, used 31172K [0x0000000700000000, 0x0000000706180000, 0x00000007aaa80000)
  object space 99840K, 31% used [0x0000000700000000,0x0000000701e71080,0x0000000706180000)
 PSPermGen       total 21504K, used 5241K [0x00000006fae00000, 0x00000006fc300000, 0x0000000700000000)
  object space 21504K, 24% used [0x00000006fae00000,0x00000006fb31e738,0x00000006fc300000)
}
Event: 2.645 GC heap before
{Heap before GC invocations=9 (full 2):
 PSYoungGen      total 68096K, used 65536K [0x00000007aaa80000, 0x00000007aef80000, 0x0000000800000000)
  eden space 65536K, 100% used [0x00000007aaa80000,0x00000007aea80000,0x00000007aea80000)
  from space 2560K, 0% used [0x00000007aed00000,0x00000007aed00000,0x00000007aef80000)
  to   space 2560K, 0% used [0x00000007aea80000,0x00000007aea80000,0x00000007aed00000)
 ParOldGen       total 99840K, used 31172K [0x0000000700000000, 0x0000000706180000, 0x00000007aaa80000)
  object space 99840K, 31% used [0x0000000700000000,0x0000000701e71080,0x0000000706180000)
 PSPermGen       total 21504K, used 5246K [0x00000006fae00000, 0x00000006fc300000, 0x0000000700000000)
  object space 21504K, 24% used [0x00000006fae00000,0x00000006fb31fa40,0x00000006fc300000)
Event: 2.657 GC heap after
Heap after GC invocations=9 (full 2):
 PSYoungGen      total 68096K, used 2545K [0x00000007aaa80000, 0x00000007aef80000, 0x0000000800000000)
  eden space 65536K, 0% used [0x00000007aaa80000,0x00000007aaa80000,0x00000007aea80000)
  from space 2560K, 99% used [0x00000007aea80000,0x00000007aecfc4a0,0x00000007aed00000)
  to   space 2560K, 0% used [0x00000007aed00000,0x00000007aed00000,0x00000007aef80000)
 ParOldGen       total 99840K, used 39473K [0x0000000700000000, 0x0000000706180000, 0x00000007aaa80000)
  object space 99840K, 39% used [0x0000000700000000,0x000000070268c458,0x0000000706180000)
 PSPermGen       total 21504K, used 5246K [0x00000006fae00000, 0x00000006fc300000, 0x0000000700000000)
  object space 21504K, 24% used [0x00000006fae00000,0x00000006fb31fa40,0x00000006fc300000)
}
Event: 3.266 GC heap before
{Heap before GC invocations=10 (full 2):
 PSYoungGen      total 68096K, used 68081K [0x00000007aaa80000, 0x00000007aef80000, 0x0000000800000000)
  eden space 65536K, 100% used [0x00000007aaa80000,0x00000007aea80000,0x00000007aea80000)
  from space 2560K, 99% used [0x00000007aea80000,0x00000007aecfc4a0,0x00000007aed00000)
  to   space 2560K, 0% used [0x00000007aed00000,0x00000007aed00000,0x00000007aef80000)
 ParOldGen       total 99840K, used 39473K [0x0000000700000000, 0x0000000706180000, 0x00000007aaa80000)
  object space 99840K, 39% used [0x0000000700000000,0x000000070268c458,0x0000000706180000)
 PSPermGen       total 21504K, used 5256K [0x00000006fae00000, 0x00000006fc300000, 0x0000000700000000)
  object space 21504K, 24% used [0x00000006fae00000,0x00000006fb322390,0x00000006fc300000)
Event: 3.278 GC heap after
Heap after GC invocations=10 (full 2):
 PSYoungGen      total 68096K, used 2552K [0x00000007aaa80000, 0x00000007aef80000, 0x0000000800000000)
  eden space 65536K, 0% used [0x00000007aaa80000,0x00000007aaa80000,0x00000007aea80000)
  from space 2560K, 99% used [0x00000007aed00000,0x00000007aef7e238,0x00000007aef80000)
  to   space 2560K, 0% used [0x00000007aea80000,0x00000007aea80000,0x00000007aed00000)
 ParOldGen       total 99840K, used 53354K [0x0000000700000000, 0x0000000706180000, 0x00000007aaa80000)
  object space 99840K, 53% used [0x0000000700000000,0x000000070341ab48,0x0000000706180000)
 PSPermGen       total 21504K, used 5256K [0x00000006fae00000, 0x00000006fc300000, 0x0000000700000000)
  object space 21504K, 24% used [0x00000006fae00000,0x00000006fb322390,0x00000006fc300000)
}
Event: 3.401 GC heap before
{Heap before GC invocations=11 (full 2):
 PSYoungGen      total 68096K, used 68088K [0x00000007aaa80000, 0x00000007aef80000, 0x0000000800000000)
  eden space 65536K, 100% used [0x00000007aaa80000,0x00000007aea80000,0x00000007aea80000)
  from space 2560K, 99% used [0x00000007aed00000,0x00000007aef7e238,0x00000007aef80000)
  to   space 2560K, 0% used [0x00000007aea80000,0x00000007aea80000,0x00000007aed00000)
 ParOldGen       total 99840K, used 53354K [0x0000000700000000, 0x0000000706180000, 0x00000007aaa80000)
  object space 99840K, 53% used [0x0000000700000000,0x000000070341ab48,0x0000000706180000)
 PSPermGen       total 21504K, used 5262K [0x00000006fae00000, 0x00000006fc300000, 0x0000000700000000)
  object space 21504K, 24% used [0x00000006fae00000,0x00000006fb323998,0x00000006fc300000)
Event: 3.422 GC heap after
Heap after GC invocations=11 (full 2):
 PSYoungGen      total 68096K, used 2538K [0x00000007aaa80000, 0x00000007aef80000, 0x0000000800000000)
  eden space 65536K, 0% used [0x00000007aaa80000,0x00000007aaa80000,0x00000007aea80000)
  from space 2560K, 99% used [0x00000007aea80000,0x00000007aecfaa98,0x00000007aed00000)
  to   space 2560K, 0% used [0x00000007aed00000,0x00000007aed00000,0x00000007aef80000)
 ParOldGen       total 99840K, used 68705K [0x0000000700000000, 0x0000000706180000, 0x00000007aaa80000)
  object space 99840K, 68% used [0x0000000700000000,0x00000007043186b8,0x0000000706180000)
 PSPermGen       total 21504K, used 5262K [0x00000006fae00000, 0x00000006fc300000, 0x0000000700000000)
  object space 21504K, 24% used [0x00000006fae00000,0x00000006fb323998,0x00000006fc300000)
}

